2013-03-19 10:51:05,752 [Thread-3] INFO  com.tikitag.client.tagservice.impl.ReaderManager - Starting to detect readers...
2013-03-19 10:51:05,754 [Thread-3] DEBUG com.tikitag.client.tagservice.impl.ReaderManager - Detected new terminal: PC/SC terminal ACS AET65 00 00
2013-03-19 10:51:05,837 [Thread-3] DEBUG com.tikitag.client.tagservice.impl.Acr122TagReader - GetCardInfo response = 065441005C156838
2013-03-19 10:51:05,844 [Thread-3] DEBUG com.tikitag.client.tagservice.impl.Acr122TagReader - GetSerialFromCard response = 000309
2013-03-19 10:51:05,880 [Thread-3] DEBUG com.tikitag.client.tagservice.impl.ReaderManager - -> Succesfully added new Tikitag terminal !
2013-03-19 10:51:05,891 [Thread-4] INFO  com.tikitag.client.tagservice.impl.Acr122TagReader - Starting to poll for tags on Reader[PC/SC terminal ACS AET65 00 00:065441005C156838]...
2013-03-19 10:51:05,895 [pool-1-thread-1] DEBUG com.tikitag.client.tagservice.impl.Acr122TagReader - New reader detected, but already discovered, no further action.
2013-03-19 10:51:15,501 [Thread-4] DEBUG com.tikitag.client.tagservice.impl.Acr122TagReader - Reading Mifare Ultralight : TagId[04A384DA4B2880]
2013-03-19 10:51:15,542 [Thread-4] DEBUG com.tikitag.client.tagservice.impl.Acr122TagReader - Read page16=0 : D54100047B8473DA4B288039480000E1101200
2013-03-19 10:51:15,558 [Thread-4] DEBUG com.tikitag.client.tagservice.impl.Acr122TagReader - Read page16=1 : D541000103A01044030AD10106540266725072
2013-03-19 10:51:15,574 [Thread-4] DEBUG com.tikitag.client.tagservice.impl.Acr122TagReader - Read page16=2 : D5410069FE00006C2D736F6674776172652D61
2013-03-19 10:51:15,590 [Thread-4] DEBUG com.tikitag.client.tagservice.impl.Acr122TagReader - Read page16=3 : D54100636164656D69632D70726F6772616D2E
2013-03-19 10:51:15,590 [Thread-4] DEBUG com.tikitag.client.tagservice.impl.Acr122TagReader - Reading Mifare Ultralight : TagId[047B84DA4B2880]
2013-03-19 10:51:15,606 [Thread-4] DEBUG com.tikitag.client.tagservice.impl.Acr122TagReader - Read page16=0 : D54100047B8473DA4B288039480000E1101200
2013-03-19 10:51:15,622 [Thread-4] DEBUG com.tikitag.client.tagservice.impl.Acr122TagReader - Read page16=1 : D541000103A01044030AD10106540266725072
2013-03-19 10:51:15,638 [Thread-4] DEBUG com.tikitag.client.tagservice.impl.Acr122TagReader - Read page16=2 : D5410069FE00006C2D736F6674776172652D61
2013-03-19 10:51:15,654 [Thread-4] DEBUG com.tikitag.client.tagservice.impl.Acr122TagReader - Read page16=3 : D54100636164656D69632D70726F6772616D2E
2013-03-19 10:51:15,654 [Thread-4] DEBUG TagFSM.TagFSM-18434297 - tagsAdded(Tag(04A384DA4B2880, HexData=047B8473DA4B288039480000E11012000103A01044030AD1010654026672507269FE00006C2D736F6674776172652D61636164656D69632D70726F6772616D2E), Tag(047B84DA4B2880, HexData=047B8473DA4B288039480000E11012000103A01044030AD1010654026672507269FE00006C2D736F6674776172652D61636164656D69632D70726F6772616D2E)
2013-03-19 10:51:15,654 [Thread-4] DEBUG TagFSM.TagFSM-18434297 - NoTagsState -> CandidateActionsState
2013-03-19 10:51:16,154 [Put Threshold Timer] DEBUG TagFSM.TagFSM-18434297 - putThresholdReached
2013-03-19 10:51:16,154 [Put Threshold Timer] DEBUG TagFSM.TagFSM-18434297 - firePut(Tag(04A384DA4B2880, HexData=047B8473DA4B288039480000E11012000103A01044030AD1010654026672507269FE00006C2D736F6674776172652D61636164656D69632D70726F6772616D2E), null)
2013-03-19 10:51:16,187 [Put Threshold Timer] ERROR com.tikitag.client.tagservice.TagServiceConfiguration - Failed to generate ClientId: null
java.lang.NullPointerException
	at com.tikitag.client.tagservice.TagServiceConfiguration.generateClientId(TagServiceConfiguration.java:122)
	at com.tikitag.client.tagservice.TagServiceConfiguration.getClientId(TagServiceConfiguration.java:107)
	at com.tikitag.client.tagservice.impl.MonitorSupport.fireTagEvent(MonitorSupport.java:118)
	at com.tikitag.client.tagservice.impl.MonitorSupport$TagEvents.firePut(MonitorSupport.java:85)
	at com.tikitag.client.tagservice.impl.tagfsm.TagStateMachine.firePut(TagStateMachine.java:136)
	at com.tikitag.client.tagservice.impl.tagfsm.CandidateActionsState.onPutThresholdReached(CandidateActionsState.java:37)
	at com.tikitag.client.tagservice.impl.tagfsm.TagStateMachine$1.run(TagStateMachine.java:86)
	at java.util.TimerThread.mainLoop(Timer.java:555)
	at java.util.TimerThread.run(Timer.java:505)
2013-03-19 10:51:16,192 [Put Threshold Timer] DEBUG TagFSM.TagFSM-18434297 - firePut(Tag(047B84DA4B2880, HexData=047B8473DA4B288039480000E11012000103A01044030AD1010654026672507269FE00006C2D736F6674776172652D61636164656D69632D70726F6772616D2E), null)
2013-03-19 10:51:16,193 [Put Threshold Timer] ERROR com.tikitag.client.tagservice.TagServiceConfiguration - Failed to generate ClientId: null
java.lang.NullPointerException
	at com.tikitag.client.tagservice.TagServiceConfiguration.generateClientId(TagServiceConfiguration.java:122)
	at com.tikitag.client.tagservice.TagServiceConfiguration.getClientId(TagServiceConfiguration.java:107)
	at com.tikitag.client.tagservice.impl.MonitorSupport.fireTagEvent(MonitorSupport.java:118)
	at com.tikitag.client.tagservice.impl.MonitorSupport$TagEvents.firePut(MonitorSupport.java:85)
	at com.tikitag.client.tagservice.impl.tagfsm.TagStateMachine.firePut(TagStateMachine.java:136)
	at com.tikitag.client.tagservice.impl.tagfsm.CandidateActionsState.onPutThresholdReached(CandidateActionsState.java:38)
	at com.tikitag.client.tagservice.impl.tagfsm.TagStateMachine$1.run(TagStateMachine.java:86)
	at java.util.TimerThread.mainLoop(Timer.java:555)
	at java.util.TimerThread.run(Timer.java:505)
2013-03-19 10:51:16,197 [Put Threshold Timer] DEBUG TagFSM.TagFSM-18434297 - CandidateActionsState -> ActionsState
2013-03-19 10:51:31,706 [Thread-4] DEBUG TagFSM.TagFSM-18434297 - tagsRemoved(Tag(04A384DA4B2880), Tag(047B84DA4B2880))
2013-03-19 10:51:31,706 [Thread-4] DEBUG TagFSM.TagFSM-18434297 - fireRemove(Tag(04A384DA4B2880, HexData=047B8473DA4B288039480000E11012000103A01044030AD1010654026672507269FE00006C2D736F6674776172652D61636164656D69632D70726F6772616D2E), null)
2013-03-19 10:51:31,707 [Thread-4] ERROR com.tikitag.client.tagservice.TagServiceConfiguration - Failed to generate ClientId: null
java.lang.NullPointerException
	at com.tikitag.client.tagservice.TagServiceConfiguration.generateClientId(TagServiceConfiguration.java:122)
	at com.tikitag.client.tagservice.TagServiceConfiguration.getClientId(TagServiceConfiguration.java:107)
	at com.tikitag.client.tagservice.impl.MonitorSupport.fireTagEvent(MonitorSupport.java:118)
	at com.tikitag.client.tagservice.impl.MonitorSupport$TagEvents.fireRemove(MonitorSupport.java:93)
	at com.tikitag.client.tagservice.impl.tagfsm.TagStateMachine.fireRemove(TagStateMachine.java:141)
	at com.tikitag.client.tagservice.impl.tagfsm.ActionsState.onTagsRemoved(ActionsState.java:29)
	at com.tikitag.client.tagservice.impl.tagfsm.TagStateMachine.tagsRemoved(TagStateMachine.java:51)
	at com.tikitag.client.tagservice.impl.Acr122TagReader.handlePollResponse(Acr122TagReader.java:167)
	at com.tikitag.client.tagservice.impl.Acr122TagReader.access$500(Acr122TagReader.java:36)
	at com.tikitag.client.tagservice.impl.Acr122TagReader$TagDetector.run(Acr122TagReader.java:284)
	at java.lang.Thread.run(Thread.java:722)
2013-03-19 10:51:31,708 [Thread-4] DEBUG TagFSM.TagFSM-18434297 - fireRemove(Tag(047B84DA4B2880, HexData=047B8473DA4B288039480000E11012000103A01044030AD1010654026672507269FE00006C2D736F6674776172652D61636164656D69632D70726F6772616D2E), null)
2013-03-19 10:51:31,709 [Thread-4] ERROR com.tikitag.client.tagservice.TagServiceConfiguration - Failed to generate ClientId: null
java.lang.NullPointerException
	at com.tikitag.client.tagservice.TagServiceConfiguration.generateClientId(TagServiceConfiguration.java:122)
	at com.tikitag.client.tagservice.TagServiceConfiguration.getClientId(TagServiceConfiguration.java:107)
	at com.tikitag.client.tagservice.impl.MonitorSupport.fireTagEvent(MonitorSupport.java:118)
	at com.tikitag.client.tagservice.impl.MonitorSupport$TagEvents.fireRemove(MonitorSupport.java:93)
	at com.tikitag.client.tagservice.impl.tagfsm.TagStateMachine.fireRemove(TagStateMachine.java:141)
	at com.tikitag.client.tagservice.impl.tagfsm.ActionsState.onTagsRemoved(ActionsState.java:30)
	at com.tikitag.client.tagservice.impl.tagfsm.TagStateMachine.tagsRemoved(TagStateMachine.java:51)
	at com.tikitag.client.tagservice.impl.Acr122TagReader.handlePollResponse(Acr122TagReader.java:167)
	at com.tikitag.client.tagservice.impl.Acr122TagReader.access$500(Acr122TagReader.java:36)
	at com.tikitag.client.tagservice.impl.Acr122TagReader$TagDetector.run(Acr122TagReader.java:284)
	at java.lang.Thread.run(Thread.java:722)
2013-03-19 10:51:31,709 [Thread-4] DEBUG TagFSM.TagFSM-18434297 - ActionsState -> NoTagsState
2013-03-19 10:51:36,579 [Thread-4] DEBUG com.tikitag.client.tagservice.impl.Acr122TagReader - Reading Mifare Ultralight : TagId[046684DA4B2880]
2013-03-19 10:51:36,595 [Thread-4] DEBUG com.tikitag.client.tagservice.impl.Acr122TagReader - Read page16=0 : D541000466846EDA4B288039480000E1101200
2013-03-19 10:51:36,612 [Thread-4] DEBUG com.tikitag.client.tagservice.impl.Acr122TagReader - Read page16=1 : D541000103A01044030AD10106540266724D61
2013-03-19 10:51:36,628 [Thread-4] DEBUG com.tikitag.client.tagservice.impl.Acr122TagReader - Read page16=2 : D5410074FE00006C2D736F6674776172652D61
2013-03-19 10:51:36,644 [Thread-4] DEBUG com.tikitag.client.tagservice.impl.Acr122TagReader - Read page16=3 : D54100636164656D69632D70726F6772616D2E
2013-03-19 10:51:36,644 [Thread-4] DEBUG TagFSM.TagFSM-18434297 - tagAdded(Tag(046684DA4B2880, HexData=0466846EDA4B288039480000E11012000103A01044030AD10106540266724D6174FE00006C2D736F6674776172652D61636164656D69632D70726F6772616D2E))
2013-03-19 10:51:36,645 [Thread-4] DEBUG TagFSM.TagFSM-18434297 - NoTagsState -> CandidateActionState
2013-03-19 10:51:36,754 [Thread-4] DEBUG com.tikitag.client.tagservice.impl.Acr122TagReader - Reading Mifare Ultralight : TagId[042D68EA4B2880]
2013-03-19 10:51:36,794 [Thread-4] DEBUG com.tikitag.client.tagservice.impl.Acr122TagReader - Read page16=0 : D541000466846EDA4B288039480000E1101200
2013-03-19 10:51:36,810 [Thread-4] DEBUG com.tikitag.client.tagservice.impl.Acr122TagReader - Read page16=1 : D541000103A01044030AD10106540266724D61
2013-03-19 10:51:36,827 [Thread-4] DEBUG com.tikitag.client.tagservice.impl.Acr122TagReader - Read page16=2 : D5410074FE00006C2D736F6674776172652D61
2013-03-19 10:51:36,843 [Thread-4] DEBUG com.tikitag.client.tagservice.impl.Acr122TagReader - Read page16=3 : D54100636164656D69632D70726F6772616D2E
2013-03-19 10:51:36,844 [Thread-4] DEBUG TagFSM.TagFSM-18434297 - tagAdded(Tag(042D68EA4B2880, HexData=0466846EDA4B288039480000E11012000103A01044030AD10106540266724D6174FE00006C2D736F6674776172652D61636164656D69632D70726F6772616D2E))
2013-03-19 10:51:36,844 [Thread-4] DEBUG TagFSM.TagFSM-18434297 - firePut(Tag(042D68EA4B2880, HexData=0466846EDA4B288039480000E11012000103A01044030AD10106540266724D6174FE00006C2D736F6674776172652D61636164656D69632D70726F6772616D2E), null)
2013-03-19 10:51:36,846 [Thread-4] ERROR com.tikitag.client.tagservice.TagServiceConfiguration - Failed to generate ClientId: null
java.lang.NullPointerException
	at com.tikitag.client.tagservice.TagServiceConfiguration.generateClientId(TagServiceConfiguration.java:122)
	at com.tikitag.client.tagservice.TagServiceConfiguration.getClientId(TagServiceConfiguration.java:107)
	at com.tikitag.client.tagservice.impl.MonitorSupport.fireTagEvent(MonitorSupport.java:118)
	at com.tikitag.client.tagservice.impl.MonitorSupport$TagEvents.firePut(MonitorSupport.java:85)
	at com.tikitag.client.tagservice.impl.tagfsm.TagStateMachine.firePut(TagStateMachine.java:136)
	at com.tikitag.client.tagservice.impl.tagfsm.CandidateActionState.onTagAdded(CandidateActionState.java:32)
	at com.tikitag.client.tagservice.impl.tagfsm.TagStateMachine.tagAdded(TagStateMachine.java:46)
	at com.tikitag.client.tagservice.impl.Acr122TagReader.handlePollResponse(Acr122TagReader.java:184)
	at com.tikitag.client.tagservice.impl.Acr122TagReader.access$500(Acr122TagReader.java:36)
	at com.tikitag.client.tagservice.impl.Acr122TagReader$TagDetector.run(Acr122TagReader.java:284)
	at java.lang.Thread.run(Thread.java:722)
2013-03-19 10:51:36,847 [Thread-4] DEBUG TagFSM.TagFSM-18434297 - CandidateActionState -> CandidateActionWithContextState
2013-03-19 10:51:37,348 [Put Threshold Timer] DEBUG TagFSM.TagFSM-18434297 - putThresholdReached
2013-03-19 10:51:37,348 [Put Threshold Timer] DEBUG TagFSM.TagFSM-18434297 - firePut(Tag(042D68EA4B2880, HexData=0466846EDA4B288039480000E11012000103A01044030AD10106540266724D6174FE00006C2D736F6674776172652D61636164656D69632D70726F6772616D2E), Tag(046684DA4B2880, HexData=0466846EDA4B288039480000E11012000103A01044030AD10106540266724D6174FE00006C2D736F6674776172652D61636164656D69632D70726F6772616D2E))
2013-03-19 10:51:37,349 [Put Threshold Timer] ERROR com.tikitag.client.tagservice.TagServiceConfiguration - Failed to generate ClientId: null
java.lang.NullPointerException
	at com.tikitag.client.tagservice.TagServiceConfiguration.generateClientId(TagServiceConfiguration.java:122)
	at com.tikitag.client.tagservice.TagServiceConfiguration.getClientId(TagServiceConfiguration.java:107)
	at com.tikitag.client.tagservice.impl.MonitorSupport.fireTagEvent(MonitorSupport.java:118)
	at com.tikitag.client.tagservice.impl.MonitorSupport$TagEvents.firePut(MonitorSupport.java:85)
	at com.tikitag.client.tagservice.impl.tagfsm.TagStateMachine.firePut(TagStateMachine.java:136)
	at com.tikitag.client.tagservice.impl.tagfsm.CandidateActionWithContextState.onPutThresholdReached(CandidateActionWithContextState.java:30)
	at com.tikitag.client.tagservice.impl.tagfsm.TagStateMachine$1.run(TagStateMachine.java:86)
	at java.util.TimerThread.mainLoop(Timer.java:555)
	at java.util.TimerThread.run(Timer.java:505)
2013-03-19 10:51:37,349 [Put Threshold Timer] DEBUG TagFSM.TagFSM-18434297 - CandidateActionWithContextState -> ActionWithContextState
2013-03-19 10:51:39,710 [Thread-4] DEBUG TagFSM.TagFSM-18434297 - tagsRemoved(Tag(042D68EA4B2880), Tag(046684DA4B2880))
2013-03-19 10:51:39,710 [Thread-4] DEBUG TagFSM.TagFSM-18434297 - fireRemove(Tag(046684DA4B2880, HexData=0466846EDA4B288039480000E11012000103A01044030AD10106540266724D6174FE00006C2D736F6674776172652D61636164656D69632D70726F6772616D2E), null)
2013-03-19 10:51:39,710 [Thread-4] ERROR com.tikitag.client.tagservice.TagServiceConfiguration - Failed to generate ClientId: null
java.lang.NullPointerException
	at com.tikitag.client.tagservice.TagServiceConfiguration.generateClientId(TagServiceConfiguration.java:122)
	at com.tikitag.client.tagservice.TagServiceConfiguration.getClientId(TagServiceConfiguration.java:107)
	at com.tikitag.client.tagservice.impl.MonitorSupport.fireTagEvent(MonitorSupport.java:118)
	at com.tikitag.client.tagservice.impl.MonitorSupport$TagEvents.fireRemove(MonitorSupport.java:93)
	at com.tikitag.client.tagservice.impl.tagfsm.TagStateMachine.fireRemove(TagStateMachine.java:141)
	at com.tikitag.client.tagservice.impl.tagfsm.ActionWithContextState.onTagsRemoved(ActionWithContextState.java:29)
	at com.tikitag.client.tagservice.impl.tagfsm.TagStateMachine.tagsRemoved(TagStateMachine.java:51)
	at com.tikitag.client.tagservice.impl.Acr122TagReader.handlePollResponse(Acr122TagReader.java:167)
	at com.tikitag.client.tagservice.impl.Acr122TagReader.access$500(Acr122TagReader.java:36)
	at com.tikitag.client.tagservice.impl.Acr122TagReader$TagDetector.run(Acr122TagReader.java:284)
	at java.lang.Thread.run(Thread.java:722)
2013-03-19 10:51:39,711 [Thread-4] DEBUG TagFSM.TagFSM-18434297 - fireRemove(Tag(042D68EA4B2880, HexData=0466846EDA4B288039480000E11012000103A01044030AD10106540266724D6174FE00006C2D736F6674776172652D61636164656D69632D70726F6772616D2E), null)
2013-03-19 10:51:39,712 [Thread-4] ERROR com.tikitag.client.tagservice.TagServiceConfiguration - Failed to generate ClientId: null
java.lang.NullPointerException
	at com.tikitag.client.tagservice.TagServiceConfiguration.generateClientId(TagServiceConfiguration.java:122)
	at com.tikitag.client.tagservice.TagServiceConfiguration.getClientId(TagServiceConfiguration.java:107)
	at com.tikitag.client.tagservice.impl.MonitorSupport.fireTagEvent(MonitorSupport.java:118)
	at com.tikitag.client.tagservice.impl.MonitorSupport$TagEvents.fireRemove(MonitorSupport.java:93)
	at com.tikitag.client.tagservice.impl.tagfsm.TagStateMachine.fireRemove(TagStateMachine.java:141)
	at com.tikitag.client.tagservice.impl.tagfsm.ActionWithContextState.onTagsRemoved(ActionWithContextState.java:30)
	at com.tikitag.client.tagservice.impl.tagfsm.TagStateMachine.tagsRemoved(TagStateMachine.java:51)
	at com.tikitag.client.tagservice.impl.Acr122TagReader.handlePollResponse(Acr122TagReader.java:167)
	at com.tikitag.client.tagservice.impl.Acr122TagReader.access$500(Acr122TagReader.java:36)
	at com.tikitag.client.tagservice.impl.Acr122TagReader$TagDetector.run(Acr122TagReader.java:284)
	at java.lang.Thread.run(Thread.java:722)
2013-03-19 10:51:39,713 [Thread-4] DEBUG TagFSM.TagFSM-18434297 - ActionWithContextState -> NoTagsState
2013-03-19 10:52:56,294 [Thread-3] INFO  com.tikitag.client.tagservice.impl.ReaderManager - Starting to detect readers...
2013-03-19 10:52:56,297 [Thread-3] DEBUG com.tikitag.client.tagservice.impl.ReaderManager - Detected new terminal: PC/SC terminal ACS AET65 00 00
2013-03-19 10:52:56,380 [Thread-3] DEBUG com.tikitag.client.tagservice.impl.Acr122TagReader - GetCardInfo response = 065441005C156838
2013-03-19 10:52:56,386 [Thread-3] DEBUG com.tikitag.client.tagservice.impl.Acr122TagReader - GetSerialFromCard response = 000309
2013-03-19 10:52:56,405 [Thread-3] DEBUG com.tikitag.client.tagservice.impl.ReaderManager - -> Succesfully added new Tikitag terminal !
2013-03-19 10:52:56,416 [Thread-4] INFO  com.tikitag.client.tagservice.impl.Acr122TagReader - Starting to poll for tags on Reader[PC/SC terminal ACS AET65 00 00:065441005C156838]...
2013-03-19 10:53:16,904 [Thread-4] DEBUG com.tikitag.client.tagservice.impl.Acr122TagReader - Reading Mifare Ultralight : TagId[04A384DA4B2880]
2013-03-19 10:53:16,946 [Thread-4] DEBUG com.tikitag.client.tagservice.impl.Acr122TagReader - Read page16=0 : D54100047B8473DA4B288039480000E1101200
2013-03-19 10:53:16,962 [Thread-4] DEBUG com.tikitag.client.tagservice.impl.Acr122TagReader - Read page16=1 : D541000103A01044030AD10106540266725072
2013-03-19 10:53:16,979 [Thread-4] DEBUG com.tikitag.client.tagservice.impl.Acr122TagReader - Read page16=2 : D5410069FE00006C2D736F6674776172652D61
2013-03-19 10:53:16,995 [Thread-4] DEBUG com.tikitag.client.tagservice.impl.Acr122TagReader - Read page16=3 : D54100636164656D69632D70726F6772616D2E
2013-03-19 10:53:16,995 [Thread-4] DEBUG com.tikitag.client.tagservice.impl.Acr122TagReader - Reading Mifare Ultralight : TagId[047B84DA4B2880]
2013-03-19 10:53:17,014 [Thread-4] DEBUG com.tikitag.client.tagservice.impl.Acr122TagReader - Read page16=0 : D54100047B8473DA4B288039480000E1101200
2013-03-19 10:53:17,030 [Thread-4] DEBUG com.tikitag.client.tagservice.impl.Acr122TagReader - Read page16=1 : D541000103A01044030AD10106540266725072
2013-03-19 10:53:17,046 [Thread-4] DEBUG com.tikitag.client.tagservice.impl.Acr122TagReader - Read page16=2 : D5410069FE00006C2D736F6674776172652D61
2013-03-19 10:53:17,062 [Thread-4] DEBUG com.tikitag.client.tagservice.impl.Acr122TagReader - Read page16=3 : D54100636164656D69632D70726F6772616D2E
2013-03-19 10:53:17,062 [Thread-4] DEBUG TagFSM.TagFSM-25494791 - tagsAdded(Tag(04A384DA4B2880, HexData=047B8473DA4B288039480000E11012000103A01044030AD1010654026672507269FE00006C2D736F6674776172652D61636164656D69632D70726F6772616D2E), Tag(047B84DA4B2880, HexData=047B8473DA4B288039480000E11012000103A01044030AD1010654026672507269FE00006C2D736F6674776172652D61636164656D69632D70726F6772616D2E)
2013-03-19 10:53:17,063 [Thread-4] DEBUG TagFSM.TagFSM-25494791 - NoTagsState -> CandidateActionsState
2013-03-19 10:53:17,563 [Put Threshold Timer] DEBUG TagFSM.TagFSM-25494791 - putThresholdReached
2013-03-19 10:53:17,564 [Put Threshold Timer] DEBUG TagFSM.TagFSM-25494791 - firePut(Tag(04A384DA4B2880, HexData=047B8473DA4B288039480000E11012000103A01044030AD1010654026672507269FE00006C2D736F6674776172652D61636164656D69632D70726F6772616D2E), null)
2013-03-19 10:53:17,577 [Put Threshold Timer] ERROR com.tikitag.client.tagservice.TagServiceConfiguration - Failed to generate ClientId: null
java.lang.NullPointerException
	at com.tikitag.client.tagservice.TagServiceConfiguration.generateClientId(TagServiceConfiguration.java:122)
	at com.tikitag.client.tagservice.TagServiceConfiguration.getClientId(TagServiceConfiguration.java:107)
	at com.tikitag.client.tagservice.impl.MonitorSupport.fireTagEvent(MonitorSupport.java:118)
	at com.tikitag.client.tagservice.impl.MonitorSupport$TagEvents.firePut(MonitorSupport.java:85)
	at com.tikitag.client.tagservice.impl.tagfsm.TagStateMachine.firePut(TagStateMachine.java:136)
	at com.tikitag.client.tagservice.impl.tagfsm.CandidateActionsState.onPutThresholdReached(CandidateActionsState.java:37)
	at com.tikitag.client.tagservice.impl.tagfsm.TagStateMachine$1.run(TagStateMachine.java:86)
	at java.util.TimerThread.mainLoop(Timer.java:555)
	at java.util.TimerThread.run(Timer.java:505)
2013-03-19 10:53:17,581 [Put Threshold Timer] DEBUG TagFSM.TagFSM-25494791 - firePut(Tag(047B84DA4B2880, HexData=047B8473DA4B288039480000E11012000103A01044030AD1010654026672507269FE00006C2D736F6674776172652D61636164656D69632D70726F6772616D2E), null)
2013-03-19 10:53:17,581 [Put Threshold Timer] ERROR com.tikitag.client.tagservice.TagServiceConfiguration - Failed to generate ClientId: null
java.lang.NullPointerException
	at com.tikitag.client.tagservice.TagServiceConfiguration.generateClientId(TagServiceConfiguration.java:122)
	at com.tikitag.client.tagservice.TagServiceConfiguration.getClientId(TagServiceConfiguration.java:107)
	at com.tikitag.client.tagservice.impl.MonitorSupport.fireTagEvent(MonitorSupport.java:118)
	at com.tikitag.client.tagservice.impl.MonitorSupport$TagEvents.firePut(MonitorSupport.java:85)
	at com.tikitag.client.tagservice.impl.tagfsm.TagStateMachine.firePut(TagStateMachine.java:136)
	at com.tikitag.client.tagservice.impl.tagfsm.CandidateActionsState.onPutThresholdReached(CandidateActionsState.java:38)
	at com.tikitag.client.tagservice.impl.tagfsm.TagStateMachine$1.run(TagStateMachine.java:86)
	at java.util.TimerThread.mainLoop(Timer.java:555)
	at java.util.TimerThread.run(Timer.java:505)
2013-03-19 10:53:17,582 [Put Threshold Timer] DEBUG TagFSM.TagFSM-25494791 - CandidateActionsState -> ActionsState
2013-03-19 10:53:22,721 [Thread-4] DEBUG TagFSM.TagFSM-25494791 - tagsRemoved(Tag(04A384DA4B2880), Tag(047B84DA4B2880))
2013-03-19 10:53:22,721 [Thread-4] DEBUG TagFSM.TagFSM-25494791 - fireRemove(Tag(04A384DA4B2880, HexData=047B8473DA4B288039480000E11012000103A01044030AD1010654026672507269FE00006C2D736F6674776172652D61636164656D69632D70726F6772616D2E), null)
2013-03-19 10:53:22,722 [Thread-4] ERROR com.tikitag.client.tagservice.TagServiceConfiguration - Failed to generate ClientId: null
java.lang.NullPointerException
	at com.tikitag.client.tagservice.TagServiceConfiguration.generateClientId(TagServiceConfiguration.java:122)
	at com.tikitag.client.tagservice.TagServiceConfiguration.getClientId(TagServiceConfiguration.java:107)
	at com.tikitag.client.tagservice.impl.MonitorSupport.fireTagEvent(MonitorSupport.java:118)
	at com.tikitag.client.tagservice.impl.MonitorSupport$TagEvents.fireRemove(MonitorSupport.java:93)
	at com.tikitag.client.tagservice.impl.tagfsm.TagStateMachine.fireRemove(TagStateMachine.java:141)
	at com.tikitag.client.tagservice.impl.tagfsm.ActionsState.onTagsRemoved(ActionsState.java:29)
	at com.tikitag.client.tagservice.impl.tagfsm.TagStateMachine.tagsRemoved(TagStateMachine.java:51)
	at com.tikitag.client.tagservice.impl.Acr122TagReader.handlePollResponse(Acr122TagReader.java:167)
	at com.tikitag.client.tagservice.impl.Acr122TagReader.access$500(Acr122TagReader.java:36)
	at com.tikitag.client.tagservice.impl.Acr122TagReader$TagDetector.run(Acr122TagReader.java:284)
	at java.lang.Thread.run(Thread.java:722)
2013-03-19 10:53:22,723 [Thread-4] DEBUG TagFSM.TagFSM-25494791 - fireRemove(Tag(047B84DA4B2880, HexData=047B8473DA4B288039480000E11012000103A01044030AD1010654026672507269FE00006C2D736F6674776172652D61636164656D69632D70726F6772616D2E), null)
2013-03-19 10:53:22,723 [Thread-4] ERROR com.tikitag.client.tagservice.TagServiceConfiguration - Failed to generate ClientId: null
java.lang.NullPointerException
	at com.tikitag.client.tagservice.TagServiceConfiguration.generateClientId(TagServiceConfiguration.java:122)
	at com.tikitag.client.tagservice.TagServiceConfiguration.getClientId(TagServiceConfiguration.java:107)
	at com.tikitag.client.tagservice.impl.MonitorSupport.fireTagEvent(MonitorSupport.java:118)
	at com.tikitag.client.tagservice.impl.MonitorSupport$TagEvents.fireRemove(MonitorSupport.java:93)
	at com.tikitag.client.tagservice.impl.tagfsm.TagStateMachine.fireRemove(TagStateMachine.java:141)
	at com.tikitag.client.tagservice.impl.tagfsm.ActionsState.onTagsRemoved(ActionsState.java:30)
	at com.tikitag.client.tagservice.impl.tagfsm.TagStateMachine.tagsRemoved(TagStateMachine.java:51)
	at com.tikitag.client.tagservice.impl.Acr122TagReader.handlePollResponse(Acr122TagReader.java:167)
	at com.tikitag.client.tagservice.impl.Acr122TagReader.access$500(Acr122TagReader.java:36)
	at com.tikitag.client.tagservice.impl.Acr122TagReader$TagDetector.run(Acr122TagReader.java:284)
	at java.lang.Thread.run(Thread.java:722)
2013-03-19 10:53:22,723 [Thread-4] DEBUG TagFSM.TagFSM-25494791 - ActionsState -> NoTagsState
2013-03-19 10:56:08,862 [Thread-3] INFO  com.tikitag.client.tagservice.impl.ReaderManager - Starting to detect readers...
2013-03-19 10:56:08,864 [Thread-3] DEBUG com.tikitag.client.tagservice.impl.ReaderManager - Detected new terminal: PC/SC terminal ACS AET65 00 00
2013-03-19 10:56:08,945 [Thread-3] DEBUG com.tikitag.client.tagservice.impl.Acr122TagReader - GetCardInfo response = 065441005C156838
2013-03-19 10:56:08,951 [Thread-3] DEBUG com.tikitag.client.tagservice.impl.Acr122TagReader - GetSerialFromCard response = 000309
2013-03-19 10:56:08,963 [pool-1-thread-1] DEBUG com.tikitag.client.tagservice.impl.Acr122TagReader - New reader detected, but already discovered, no further action.
2013-03-19 10:56:08,967 [Thread-3] DEBUG com.tikitag.client.tagservice.impl.ReaderManager - -> Succesfully added new Tikitag terminal !
2013-03-19 10:56:08,977 [Thread-4] INFO  com.tikitag.client.tagservice.impl.Acr122TagReader - Starting to poll for tags on Reader[PC/SC terminal ACS AET65 00 00:065441005C156838]...
2013-03-19 10:56:33,403 [Thread-4] DEBUG com.tikitag.client.tagservice.impl.Acr122TagReader - Reading Mifare Ultralight : TagId[047B84DA4B2880]
2013-03-19 10:56:33,448 [Thread-4] DEBUG com.tikitag.client.tagservice.impl.Acr122TagReader - Read page16=0 : D54100047B8473DA4B288039480000E1101200
2013-03-19 10:56:33,464 [Thread-4] DEBUG com.tikitag.client.tagservice.impl.Acr122TagReader - Read page16=1 : D541000103A01044030AD10106540266725072
2013-03-19 10:56:33,480 [Thread-4] DEBUG com.tikitag.client.tagservice.impl.Acr122TagReader - Read page16=2 : D5410069FE00006C2D736F6674776172652D61
2013-03-19 10:56:33,496 [Thread-4] DEBUG com.tikitag.client.tagservice.impl.Acr122TagReader - Read page16=3 : D54100636164656D69632D70726F6772616D2E
2013-03-19 10:56:33,496 [Thread-4] DEBUG com.tikitag.client.tagservice.impl.Acr122TagReader - Reading Mifare Ultralight : TagId[04A384DA4B2880]
2013-03-19 10:56:33,512 [Thread-4] DEBUG com.tikitag.client.tagservice.impl.Acr122TagReader - Read page16=0 : D54100047B8473DA4B288039480000E1101200
2013-03-19 10:56:33,530 [Thread-4] DEBUG com.tikitag.client.tagservice.impl.Acr122TagReader - Read page16=1 : D541000103A01044030AD10106540266725072
2013-03-19 10:56:33,548 [Thread-4] DEBUG com.tikitag.client.tagservice.impl.Acr122TagReader - Read page16=2 : D5410069FE00006C2D736F6674776172652D61
2013-03-19 10:56:33,564 [Thread-4] DEBUG com.tikitag.client.tagservice.impl.Acr122TagReader - Read page16=3 : D54100636164656D69632D70726F6772616D2E
2013-03-19 10:56:33,564 [Thread-4] DEBUG TagFSM.TagFSM-33072014 - tagsAdded(Tag(047B84DA4B2880, HexData=047B8473DA4B288039480000E11012000103A01044030AD1010654026672507269FE00006C2D736F6674776172652D61636164656D69632D70726F6772616D2E), Tag(04A384DA4B2880, HexData=047B8473DA4B288039480000E11012000103A01044030AD1010654026672507269FE00006C2D736F6674776172652D61636164656D69632D70726F6772616D2E)
2013-03-19 10:56:33,565 [Thread-4] DEBUG TagFSM.TagFSM-33072014 - NoTagsState -> CandidateActionsState
2013-03-19 10:56:34,065 [Put Threshold Timer] DEBUG TagFSM.TagFSM-33072014 - putThresholdReached
2013-03-19 10:56:34,066 [Put Threshold Timer] DEBUG TagFSM.TagFSM-33072014 - firePut(Tag(047B84DA4B2880, HexData=047B8473DA4B288039480000E11012000103A01044030AD1010654026672507269FE00006C2D736F6674776172652D61636164656D69632D70726F6772616D2E), null)
2013-03-19 10:56:34,084 [Put Threshold Timer] ERROR com.tikitag.client.tagservice.TagServiceConfiguration - Failed to generate ClientId: null
java.lang.NullPointerException
	at com.tikitag.client.tagservice.TagServiceConfiguration.generateClientId(TagServiceConfiguration.java:122)
	at com.tikitag.client.tagservice.TagServiceConfiguration.getClientId(TagServiceConfiguration.java:107)
	at com.tikitag.client.tagservice.impl.MonitorSupport.fireTagEvent(MonitorSupport.java:118)
	at com.tikitag.client.tagservice.impl.MonitorSupport$TagEvents.firePut(MonitorSupport.java:85)
	at com.tikitag.client.tagservice.impl.tagfsm.TagStateMachine.firePut(TagStateMachine.java:136)
	at com.tikitag.client.tagservice.impl.tagfsm.CandidateActionsState.onPutThresholdReached(CandidateActionsState.java:37)
	at com.tikitag.client.tagservice.impl.tagfsm.TagStateMachine$1.run(TagStateMachine.java:86)
	at java.util.TimerThread.mainLoop(Timer.java:555)
	at java.util.TimerThread.run(Timer.java:505)
2013-03-19 10:56:34,095 [Put Threshold Timer] DEBUG TagFSM.TagFSM-33072014 - firePut(Tag(04A384DA4B2880, HexData=047B8473DA4B288039480000E11012000103A01044030AD1010654026672507269FE00006C2D736F6674776172652D61636164656D69632D70726F6772616D2E), null)
2013-03-19 10:56:34,096 [Put Threshold Timer] ERROR com.tikitag.client.tagservice.TagServiceConfiguration - Failed to generate ClientId: null
java.lang.NullPointerException
	at com.tikitag.client.tagservice.TagServiceConfiguration.generateClientId(TagServiceConfiguration.java:122)
	at com.tikitag.client.tagservice.TagServiceConfiguration.getClientId(TagServiceConfiguration.java:107)
	at com.tikitag.client.tagservice.impl.MonitorSupport.fireTagEvent(MonitorSupport.java:118)
	at com.tikitag.client.tagservice.impl.MonitorSupport$TagEvents.firePut(MonitorSupport.java:85)
	at com.tikitag.client.tagservice.impl.tagfsm.TagStateMachine.firePut(TagStateMachine.java:136)
	at com.tikitag.client.tagservice.impl.tagfsm.CandidateActionsState.onPutThresholdReached(CandidateActionsState.java:38)
	at com.tikitag.client.tagservice.impl.tagfsm.TagStateMachine$1.run(TagStateMachine.java:86)
	at java.util.TimerThread.mainLoop(Timer.java:555)
	at java.util.TimerThread.run(Timer.java:505)
2013-03-19 10:56:34,097 [Put Threshold Timer] DEBUG TagFSM.TagFSM-33072014 - CandidateActionsState -> ActionsState
2013-03-19 10:56:41,127 [Thread-4] DEBUG TagFSM.TagFSM-33072014 - tagsRemoved(Tag(047B84DA4B2880), Tag(04A384DA4B2880))
2013-03-19 10:56:41,128 [Thread-4] DEBUG TagFSM.TagFSM-33072014 - fireRemove(Tag(047B84DA4B2880, HexData=047B8473DA4B288039480000E11012000103A01044030AD1010654026672507269FE00006C2D736F6674776172652D61636164656D69632D70726F6772616D2E), null)
2013-03-19 10:56:41,158 [Thread-4] ERROR com.tikitag.client.tagservice.TagServiceConfiguration - Failed to generate ClientId: null
java.lang.NullPointerException
	at com.tikitag.client.tagservice.TagServiceConfiguration.generateClientId(TagServiceConfiguration.java:122)
	at com.tikitag.client.tagservice.TagServiceConfiguration.getClientId(TagServiceConfiguration.java:107)
	at com.tikitag.client.tagservice.impl.MonitorSupport.fireTagEvent(MonitorSupport.java:118)
	at com.tikitag.client.tagservice.impl.MonitorSupport$TagEvents.fireRemove(MonitorSupport.java:93)
	at com.tikitag.client.tagservice.impl.tagfsm.TagStateMachine.fireRemove(TagStateMachine.java:141)
	at com.tikitag.client.tagservice.impl.tagfsm.ActionsState.onTagsRemoved(ActionsState.java:29)
	at com.tikitag.client.tagservice.impl.tagfsm.TagStateMachine.tagsRemoved(TagStateMachine.java:51)
	at com.tikitag.client.tagservice.impl.Acr122TagReader.handlePollResponse(Acr122TagReader.java:167)
	at com.tikitag.client.tagservice.impl.Acr122TagReader.access$500(Acr122TagReader.java:36)
	at com.tikitag.client.tagservice.impl.Acr122TagReader$TagDetector.run(Acr122TagReader.java:284)
	at java.lang.Thread.run(Thread.java:722)
2013-03-19 10:56:41,159 [Thread-4] DEBUG TagFSM.TagFSM-33072014 - fireRemove(Tag(04A384DA4B2880, HexData=047B8473DA4B288039480000E11012000103A01044030AD1010654026672507269FE00006C2D736F6674776172652D61636164656D69632D70726F6772616D2E), null)
2013-03-19 10:56:41,159 [Thread-4] ERROR com.tikitag.client.tagservice.TagServiceConfiguration - Failed to generate ClientId: null
java.lang.NullPointerException
	at com.tikitag.client.tagservice.TagServiceConfiguration.generateClientId(TagServiceConfiguration.java:122)
	at com.tikitag.client.tagservice.TagServiceConfiguration.getClientId(TagServiceConfiguration.java:107)
	at com.tikitag.client.tagservice.impl.MonitorSupport.fireTagEvent(MonitorSupport.java:118)
	at com.tikitag.client.tagservice.impl.MonitorSupport$TagEvents.fireRemove(MonitorSupport.java:93)
	at com.tikitag.client.tagservice.impl.tagfsm.TagStateMachine.fireRemove(TagStateMachine.java:141)
	at com.tikitag.client.tagservice.impl.tagfsm.ActionsState.onTagsRemoved(ActionsState.java:30)
	at com.tikitag.client.tagservice.impl.tagfsm.TagStateMachine.tagsRemoved(TagStateMachine.java:51)
	at com.tikitag.client.tagservice.impl.Acr122TagReader.handlePollResponse(Acr122TagReader.java:167)
	at com.tikitag.client.tagservice.impl.Acr122TagReader.access$500(Acr122TagReader.java:36)
	at com.tikitag.client.tagservice.impl.Acr122TagReader$TagDetector.run(Acr122TagReader.java:284)
	at java.lang.Thread.run(Thread.java:722)
2013-03-19 10:56:41,160 [Thread-4] DEBUG TagFSM.TagFSM-33072014 - ActionsState -> NoTagsState
